<?xml version="1.0" encoding="UTF-8"?>
<!-- Generated by org.testng.reporters.JUnitXMLReporter -->
<testsuite hostname="EPUAKHAW0473" name="testNG test1" tests="1" failures="1" timestamp="7 Nov 2013 08:53:09 GMT" time="19.782" errors="0">
  <testcase name="testFilterByProducer" time="12.011" classname="com.epam.reutska.tests.TestFilterByProducer">
    <failure type="java.lang.AssertionError" message="firstSet [ARIETE, AURORA, BINATONE, BOMANN, BORK, CLATRONIC, DELFA, DELONGHI, DEX, ELBEE, ELECTROLUX, FIRST, GORENJE, KENWOOD, LARETTI, LG, LIBERTON, LIVSTAR, MAESTRO, MAXWELL, MIDEA, MIRTA, MOULINEX, MYSTERY, ORION, PANASONIC, PHILIPS, REDMOND, ROTEX, SATURN, SCARLETT, SHG, SHIVAKI, SINBO, SUPRA, VES, VICONTE, VIMAR, VINIS, VITEK, WEST, ZELMER]secondSet [BINATONE, DELFA, DEX, ELECTROLUX, GORENJE, KENWOOD, LG, LIBERTON, MAXWELL, MIRTA, MOULINEX, MYSTERY, ORION, PANASONIC, PHILIPS, SATURN, SCARLETT, VINIS, VITEK, ZELMER] expected [true] but found [false]">
      <![CDATA[java.lang.AssertionError: firstSet [ARIETE, AURORA, BINATONE, BOMANN, BORK, CLATRONIC, DELFA, DELONGHI, DEX, ELBEE, ELECTROLUX, FIRST, GORENJE, KENWOOD, LARETTI, LG, LIBERTON, LIVSTAR, MAESTRO, MAXWELL, MIDEA, MIRTA, MOULINEX, MYSTERY, ORION, PANASONIC, PHILIPS, REDMOND, ROTEX, SATURN, SCARLETT, SHG, SHIVAKI, SINBO, SUPRA, VES, VICONTE, VIMAR, VINIS, VITEK, WEST, ZELMER]secondSet [BINATONE, DELFA, DEX, ELECTROLUX, GORENJE, KENWOOD, LG, LIBERTON, MAXWELL, MIRTA, MOULINEX, MYSTERY, ORION, PANASONIC, PHILIPS, SATURN, SCARLETT, VINIS, VITEK, ZELMER] expected [true] but found [false]
	at com.epam.reutska.helpers.testsupport.FilterPageHelper.verifyFilterOptionByProducer(FilterPageHelper.java:191)
	at com.epam.reutska.tests.TestFilterByProducer.testFilterByProducer(TestFilterByProducer.java:41)
... Removed 27 stack frames]]>
    </failure>
  </testcase> <!-- testFilterByProducer -->
</testsuite> <!-- testNG test1 -->
